<?xml version="1.0" encoding="UTF-8"?>
<!-- Generated by org.testng.reporters.JUnitReportReporter -->
<testsuite skipped="0" hostname="qa-akotkar" name="suite2.NewTest2" tests="2" failures="0" timestamp="31 Mar 2020 05:41:59 GMT" time="39.367" errors="0">
  <testcase name="newTest2" time="16.047" classname="suite2.NewTest2"/>
  <testcase name="newTest2" time="23.320" classname="suite2.NewTest2"/>
</testsuite> <!-- suite2.NewTest2 -->
