<?xml version="1.0" encoding="UTF-8"?>
<!-- Generated by org.testng.reporters.JUnitReportReporter -->
<testsuite skipped="0" hostname="qa-akotkar" name="suite1.NewTest1" tests="1" failures="0" timestamp="31 Mar 2020 05:41:59 GMT" time="28.870" errors="0">
  <testcase name="newTest1" time="28.870" classname="suite1.NewTest1"/>
</testsuite> <!-- suite1.NewTest1 -->
